Flow report for any_wave
Sun Apr 27 03:08:18 2025
Quartus Prime Version 17.1.0 Build 590 10/25/2017 SJ Lite Edition


---------------------
; Table of Contents ;
---------------------
  1. Legal Notice
  2. Flow Summary
  3. Flow Settings
  4. Flow Non-Default Global Settings
  5. Flow Elapsed Time
  6. Flow OS Summary
  7. Flow Log
  8. Flow Messages
  9. Flow Suppressed Messages



----------------
; Legal Notice ;
----------------
Copyright (C) 2017  Intel Corporation. All rights reserved.
Your use of Intel Corporation's design tools, logic functions 
and other software and tools, and its AMPP partner logic 
functions, and any output files from any of the foregoing 
(including device programming or simulation files), and any 
associated documentation or information are expressly subject 
to the terms and conditions of the Intel Program License 
Subscription Agreement, the Intel Quartus Prime License Agreement,
the Intel FPGA IP License Agreement, or other applicable license
agreement, including, without limitation, that your use is for
the sole purpose of programming logic devices manufactured by
Intel and sold by Intel or its authorized distributors.  Please
refer to the applicable agreement for further details.



+----------------------------------------------------------------------------------+
; Flow Summary                                                                     ;
+------------------------------------+---------------------------------------------+
; Flow Status                        ; Successful - Sun Apr 27 03:08:18 2025       ;
; Quartus Prime Version              ; 17.1.0 Build 590 10/25/2017 SJ Lite Edition ;
; Revision Name                      ; any_wave                                    ;
; Top-level Entity Name              ; any_wave                                    ;
; Family                             ; Cyclone IV E                                ;
; Device                             ; EP4CE6F17C8                                 ;
; Timing Models                      ; Final                                       ;
; Total logic elements               ; 1 / 6,272 ( < 1 % )                         ;
;     Total combinational functions  ; 1 / 6,272 ( < 1 % )                         ;
;     Dedicated logic registers      ; 0 / 6,272 ( 0 % )                           ;
; Total registers                    ; 0                                           ;
; Total pins                         ; 12 / 180 ( 7 % )                            ;
; Total virtual pins                 ; 0                                           ;
; Total memory bits                  ; 16 / 276,480 ( < 1 % )                      ;
; Embedded Multiplier 9-bit elements ; 0 / 30 ( 0 % )                              ;
; Total PLLs                         ; 0 / 2 ( 0 % )                               ;
+------------------------------------+---------------------------------------------+


+-----------------------------------------+
; Flow Settings                           ;
+-------------------+---------------------+
; Option            ; Setting             ;
+-------------------+---------------------+
; Start date & time ; 04/27/2025 03:07:43 ;
; Main task         ; Compilation         ;
; Revision Name     ; any_wave            ;
+-------------------+---------------------+


+--------------------------------------------------------------------------------------------------------------------------------+
; Flow Non-Default Global Settings                                                                                               ;
+--------------------------------------+----------------------------------------+---------------+-------------+------------------+
; Assignment Name                      ; Value                                  ; Default Value ; Entity Name ; Section Id       ;
+--------------------------------------+----------------------------------------+---------------+-------------+------------------+
; COMPILER_SIGNATURE_ID                ; 193675818380838.174569446328340        ; --            ; --          ; --               ;
; EDA_DESIGN_INSTANCE_NAME             ; NA                                     ; --            ; --          ; any_wave_vlg_tst ;
; EDA_NATIVELINK_SIMULATION_TEST_BENCH ; any_wave_vlg_tst                       ; --            ; --          ; eda_simulation   ;
; EDA_OUTPUT_DATA_FORMAT               ; Verilog Hdl                            ; --            ; --          ; eda_simulation   ;
; EDA_SIMULATION_TOOL                  ; ModelSim (Verilog)                     ; <None>        ; --          ; --               ;
; EDA_TEST_BENCH_ENABLE_STATUS         ; TEST_BENCH_MODE                        ; --            ; --          ; eda_simulation   ;
; EDA_TEST_BENCH_FILE                  ; simulation/modelsim/any_wave.vt        ; --            ; --          ; any_wave_vlg_tst ;
; EDA_TEST_BENCH_MODULE_NAME           ; any_wave_vlg_tst                       ; --            ; --          ; any_wave_vlg_tst ;
; EDA_TEST_BENCH_NAME                  ; any_wave_vlg_tst                       ; --            ; --          ; eda_simulation   ;
; EDA_TIME_SCALE                       ; 1 ps                                   ; --            ; --          ; eda_simulation   ;
; MAX_CORE_JUNCTION_TEMP               ; 85                                     ; --            ; --          ; --               ;
; MIN_CORE_JUNCTION_TEMP               ; 0                                      ; --            ; --          ; --               ;
; MISC_FILE                            ; ip_config/sin_bb.v                     ; --            ; --          ; --               ;
; MISC_FILE                            ; ip_config/square_bb.v                  ; --            ; --          ; --               ;
; MISC_FILE                            ; ip_config/triangular_bb.v              ; --            ; --          ; --               ;
; MISC_FILE                            ; ip_config/sawtooth_bb.v                ; --            ; --          ; --               ;
; OUTPUT_IO_TIMING_FAR_END_VMEAS       ; Half Signal Swing                      ; --            ; --          ; --               ;
; OUTPUT_IO_TIMING_FAR_END_VMEAS       ; Half Signal Swing                      ; --            ; --          ; --               ;
; OUTPUT_IO_TIMING_NEAR_END_VMEAS      ; Half Vccio                             ; --            ; --          ; --               ;
; OUTPUT_IO_TIMING_NEAR_END_VMEAS      ; Half Vccio                             ; --            ; --          ; --               ;
; PARTITION_COLOR                      ; -- (Not supported for targeted family) ; --            ; --          ; Top              ;
; PARTITION_FITTER_PRESERVATION_LEVEL  ; -- (Not supported for targeted family) ; --            ; --          ; Top              ;
; PARTITION_NETLIST_TYPE               ; -- (Not supported for targeted family) ; --            ; --          ; Top              ;
; POWER_BOARD_THERMAL_MODEL            ; None (CONSERVATIVE)                    ; --            ; --          ; --               ;
; POWER_PRESET_COOLING_SOLUTION        ; 23 MM HEAT SINK WITH 200 LFPM AIRFLOW  ; --            ; --          ; --               ;
; PROJECT_OUTPUT_DIRECTORY             ; output_files                           ; --            ; --          ; --               ;
+--------------------------------------+----------------------------------------+---------------+-------------+------------------+


+-------------------------------------------------------------------------------------------------------------------------------+
; Flow Elapsed Time                                                                                                             ;
+---------------------------+--------------+-------------------------+---------------------+------------------------------------+
; Module Name               ; Elapsed Time ; Average Processors Used ; Peak Virtual Memory ; Total CPU Time (on all processors) ;
+---------------------------+--------------+-------------------------+---------------------+------------------------------------+
; Analysis & Synthesis      ; 00:00:07     ; 1.0                     ; 4747 MB             ; 00:00:15                           ;
; Fitter                    ; 00:00:03     ; 1.1                     ; 6468 MB             ; 00:00:05                           ;
; Assembler                 ; 00:00:01     ; 1.0                     ; 4684 MB             ; 00:00:01                           ;
; TimeQuest Timing Analyzer ; 00:00:01     ; 1.1                     ; 4863 MB             ; 00:00:01                           ;
; EDA Netlist Writer        ; 00:00:01     ; 1.0                     ; 4648 MB             ; 00:00:01                           ;
; EDA Netlist Writer        ; 00:00:01     ; 1.0                     ; 4633 MB             ; 00:00:01                           ;
; Total                     ; 00:00:14     ; --                      ; --                  ; 00:00:24                           ;
+---------------------------+--------------+-------------------------+---------------------+------------------------------------+


+-----------------------------------------------------------------------------------------+
; Flow OS Summary                                                                         ;
+---------------------------+------------------+------------+------------+----------------+
; Module Name               ; Machine Hostname ; OS Name    ; OS Version ; Processor type ;
+---------------------------+------------------+------------+------------+----------------+
; Analysis & Synthesis      ; belfry2023       ; Windows 10 ; 10.0       ; x86_64         ;
; Fitter                    ; belfry2023       ; Windows 10 ; 10.0       ; x86_64         ;
; Assembler                 ; belfry2023       ; Windows 10 ; 10.0       ; x86_64         ;
; TimeQuest Timing Analyzer ; belfry2023       ; Windows 10 ; 10.0       ; x86_64         ;
; EDA Netlist Writer        ; belfry2023       ; Windows 10 ; 10.0       ; x86_64         ;
; EDA Netlist Writer        ; belfry2023       ; Windows 10 ; 10.0       ; x86_64         ;
+---------------------------+------------------+------------+------------+----------------+


------------
; Flow Log ;
------------
quartus_map --read_settings_files=on --write_settings_files=off any_wave -c any_wave
quartus_fit --read_settings_files=off --write_settings_files=off any_wave -c any_wave
quartus_asm --read_settings_files=off --write_settings_files=off any_wave -c any_wave
quartus_sta any_wave -c any_wave
quartus_eda --read_settings_files=off --write_settings_files=off any_wave -c any_wave
quartus_eda --read_settings_files=on --write_settings_files=off any_wave -c any_wave --gen_testbench



